<?xml version="1.0" encoding="UTF-8"?>
<!-- Generated by org.testng.reporters.JUnitXMLReporter -->
<testsuite ignored="0" hostname="DESKTOP-JMARC6I" failures="0" tests="3" name="Default test" time="75.112" errors="0" timestamp="2022-11-25T21:12:07 IST">
  <testcase classname="nov25.VerifyAsserts" name="verifyTitle1" time="0.063"/>
  <testcase classname="nov25.VerifyAsserts" name="verifyTitle2" time="0.062"/>
  <testcase classname="nov25.VerifyAsserts" name="verifyTitle3" time="0.045"/>
</testsuite> <!-- Default test -->
